<?xml version="1.0" encoding="UTF-8"?>
<!-- Generated by org.testng.reporters.JUnitReportReporter -->
<testsuite hostname="LAPTOP-UVI8TRVM" failures="0" tests="10" name="TestNG.DriveaCar" time="0.008" errors="0" timestamp="2021-10-25T15:40:58 IST" skipped="2">
  <testcase classname="TestNG.DriveaCar" name="startTheCar" time="0.001"/>
  <system-out/>
  <testcase classname="TestNG.DriveaCar" name="firstGear" time="0.000"/>
  <system-out/>
  <testcase classname="TestNG.DriveaCar" name="SecondGear" time="0.002"/>
  <system-out/>
  <testcase classname="TestNG.DriveaCar" name="ThirdGear" time="0.001"/>
  <system-out/>
  <testcase classname="TestNG.DriveaCar" name="music" time="0.002"/>
  <system-out/>
  <testcase classname="TestNG.DriveaCar" name="Breakandidle" time="0.001"/>
  <system-out/>
  <testcase classname="TestNG.DriveaCar" name="reverse" time="0.001"/>
  <system-out/>
  <testcase classname="TestNG.DriveaCar" name="Stop" time="0.000"/>
  <system-out/>
  <testcase classname="TestNG.DriveaCar" name="Petrol">
    <skipped/>
  </testcase> <!-- Petrol -->
  <system-out/>
  <testcase classname="TestNG.DriveaCar" name="Ac">
    <skipped/>
  </testcase> <!-- Ac -->
  <system-out/>
</testsuite> <!-- TestNG.DriveaCar -->
