<?xml version="1.0" encoding="UTF-8"?>
<!-- Generated by org.testng.reporters.JUnitReportReporter -->
<testsuite hostname="LAPTOP-UVI8TRVM" failures="0" tests="1" name="TestNG.PassingParameters" time="0.008" errors="0" timestamp="2021-10-25T17:36:16 IST" skipped="0">
  <testcase classname="TestNG.PassingParameters" name="hello" time="0.008"/>
  <system-out/>
</testsuite> <!-- TestNG.PassingParameters -->
