<?xml version="1.0" encoding="UTF-8"?>
<!-- Generated by org.testng.reporters.JUnitReportReporter -->
<testsuite hostname="LAPTOP-UVI8TRVM" failures="0" tests="2" name="TestNG.Demo" time="0.002" errors="0" timestamp="2021-10-25T15:40:58 IST" skipped="0">
  <testcase classname="TestNG.Demo" name="test" time="0.001"/>
  <system-out/>
  <testcase classname="TestNG.Demo" name="run" time="0.001"/>
  <system-out/>
</testsuite> <!-- TestNG.Demo -->
