<?xml version="1.0" encoding="UTF-8"?>
<!-- Generated by org.testng.reporters.JUnitReportReporter -->
<testsuite hostname="LAPTOP-UVI8TRVM" failures="0" tests="3" name="TestNG.TestDependencies" time="0.003" errors="0" timestamp="2021-10-25T15:40:58 IST" skipped="0">
  <testcase classname="TestNG.TestDependencies" name="testTwo" time="0.002"/>
  <system-out/>
  <testcase classname="TestNG.TestDependencies" name="testThree" time="0.000"/>
  <system-out/>
  <testcase classname="TestNG.TestDependencies" name="testOne" time="0.001"/>
  <system-out/>
</testsuite> <!-- TestNG.TestDependencies -->
