<?xml version="1.0" encoding="UTF-8"?>
<!-- Generated by org.testng.reporters.JUnitReportReporter -->
<testsuite hostname="LAPTOP-UVI8TRVM" failures="0" tests="3" name="TestNG.Differentsites" time="15.279" errors="0" timestamp="2021-10-25T15:40:58 IST" skipped="0">
  <testcase classname="TestNG.Differentsites" name="OpenTestLeaf" time="3.124"/>
  <system-out/>
  <testcase classname="TestNG.Differentsites" name="OpenyouTube" time="5.854"/>
  <system-out/>
  <testcase classname="TestNG.Differentsites" name="OpenGoogle" time="6.301"/>
  <system-out/>
</testsuite> <!-- TestNG.Differentsites -->
