<?xml version="1.0" encoding="UTF-8"?>
<!-- Generated by org.testng.reporters.JUnitReportReporter -->
<testsuite hostname="LAPTOP-UVI8TRVM" failures="0" tests="2" name="TestNG.Seleniumtesting" time="12.992" errors="0" timestamp="2021-10-25T15:40:58 IST" skipped="0">
  <testcase classname="TestNG.Seleniumtesting" name="f" time="0.210"/>
  <system-out/>
  <testcase classname="TestNG.Seleniumtesting" name="EditField" time="12.782"/>
  <system-out/>
</testsuite> <!-- TestNG.Seleniumtesting -->
