<?xml version="1.0" encoding="UTF-8"?>
<!-- Generated by org.testng.reporters.JUnitReportReporter -->
<testsuite hostname="LAPTOP-UVI8TRVM" failures="0" tests="2" name="TestNG.AssertExample2" time="5.784" errors="0" timestamp="2021-10-25T16:48:55 IST" skipped="0">
  <testcase classname="TestNG.AssertExample2" name="EditField" time="5.609"/>
  <system-out/>
  <testcase classname="TestNG.AssertExample2" name="email" time="0.175"/>
  <system-out/>
</testsuite> <!-- TestNG.AssertExample2 -->
