<?xml version="1.0" encoding="UTF-8"?>
<!-- Generated by org.testng.reporters.JUnitReportReporter -->
<testsuite hostname="LAPTOP-UVI8TRVM" failures="0" tests="1" name="TestNG.AssertExample" time="0.013" errors="0" timestamp="2021-10-25T16:48:55 IST" skipped="0">
  <testcase classname="TestNG.AssertExample" name="hello" time="0.013"/>
  <system-out/>
</testsuite> <!-- TestNG.AssertExample -->
