<?xml version="1.0" encoding="UTF-8"?>
<!-- Generated by org.testng.reporters.JUnitReportReporter -->
<testsuite hostname="LAPTOP-UVI8TRVM" failures="0" tests="1" name="TestNG.test1" time="0.001" errors="0" timestamp="2021-10-25T15:40:58 IST" skipped="0">
  <testcase classname="TestNG.test1" name="f" time="0.001"/>
  <system-out/>
</testsuite> <!-- TestNG.test1 -->
